<?xml version="1.0" encoding="utf-8"?>
<coverage line-rate="0.3557" branch-rate="0.3486" version="1.9" timestamp="1759614459" lines-covered="318" lines-valid="894" branches-covered="212" branches-valid="608">
  <sources>
    <source>/home/dani/src/Bot/</source>
  </sources>
  <packages>
    <package name="Bot" line-rate="0.3557" branch-rate="0.3486" complexity="635">
      <classes>
        <class name="Program/&lt;&lt;Main&gt;$&gt;d__0" filename="Program.cs" line-rate="0" branch-rate="0" complexity="22">
          <methods>
            <method name="MoveNext" signature="()" line-rate="0" branch-rate="0" complexity="22">
              <lines>
                <line number="10" hits="0" branch="False" />
                <line number="11" hits="0" branch="False" />
                <line number="12" hits="0" branch="False" />
                <line number="13" hits="0" branch="False" />
                <line number="14" hits="0" branch="False" />
                <line number="17" hits="0" branch="True" condition-coverage="0% (0/6)">
                  <conditions>
                    <condition number="86" type="jump" coverage="0%" />
                    <condition number="100" type="jump" coverage="0%" />
                    <condition number="124" type="jump" coverage="0%" />
                  </conditions>
                </line>
                <line number="19" hits="0" branch="True" condition-coverage="0% (0/2)">
                  <conditions>
                    <condition number="138" type="jump" coverage="0%" />
                  </conditions>
                </line>
                <line number="20" hits="0" branch="True" condition-coverage="0% (0/2)">
                  <conditions>
                    <condition number="160" type="jump" coverage="0%" />
                  </conditions>
                </line>
                <line number="21" hits="0" branch="False" />
                <line number="24" hits="0" branch="False" />
                <line number="25" hits="0" branch="True" condition-coverage="0% (0/2)">
                  <conditions>
                    <condition number="309" type="jump" coverage="0%" />
                  </conditions>
                </line>
                <line number="27" hits="0" branch="False" />
                <line number="28" hits="0" branch="False" />
                <line number="29" hits="0" branch="False" />
                <line number="30" hits="0" branch="False" />
                <line number="31" hits="0" branch="False" />
                <line number="34" hits="0" branch="False" />
                <line number="35" hits="0" branch="False" />
                <line number="36" hits="0" branch="False" />
                <line number="38" hits="0" branch="False" />
                <line number="39" hits="0" branch="False" />
                <line number="40" hits="0" branch="False" />
                <line number="41" hits="0" branch="True" condition-coverage="0% (0/2)">
                  <conditions>
                    <condition number="621" type="jump" coverage="0%" />
                  </conditions>
                </line>
                <line number="43" hits="0" branch="True" condition-coverage="0% (0/2)">
                  <conditions>
                    <condition number="632" type="jump" coverage="0%" />
                  </conditions>
                </line>
                <line number="45" hits="0" branch="False" />
                <line number="49" hits="0" branch="False" />
                <line number="53" hits="0" branch="False" />
                <line number="54" hits="0" branch="False" />
                <line number="57" hits="0" branch="False" />
                <line number="58" hits="0" branch="False" />
                <line number="59" hits="0" branch="True" condition-coverage="0% (0/4)">
                  <conditions>
                    <condition number="703" type="jump" coverage="0%" />
                    <condition number="714" type="jump" coverage="0%" />
                  </conditions>
                </line>
                <line number="61" hits="0" branch="False" />
                <line number="63" hits="0" branch="False" />
                <line number="64" hits="0" branch="False" />
                <line number="65" hits="0" branch="False" />
                <line number="66" hits="0" branch="False" />
                <line number="67" hits="0" branch="False" />
                <line number="68" hits="0" branch="False" />
                <line number="69" hits="0" branch="False" />
                <line number="70" hits="0" branch="False" />
                <line number="71" hits="0" branch="False" />
                <line number="72" hits="0" branch="False" />
                <line number="74" hits="0" branch="False" />
                <line number="75" hits="0" branch="False" />
                <line number="77" hits="0" branch="True" condition-coverage="0% (0/2)">
                  <conditions>
                    <condition number="851" type="jump" coverage="0%" />
                  </conditions>
                </line>
                <line number="78" hits="0" branch="False" />
                <line number="79" hits="0" branch="False" />
                <line number="80" hits="0" branch="False" />
                <line number="81" hits="0" branch="False" />
                <line number="82" hits="0" branch="False" />
                <line number="84" hits="0" branch="False" />
                <line number="85" hits="0" branch="False" />
                <line number="86" hits="0" branch="False" />
              </lines>
            </method>
          </methods>
          <lines>
            <line number="10" hits="0" branch="False" />
            <line number="11" hits="0" branch="False" />
            <line number="12" hits="0" branch="False" />
            <line number="13" hits="0" branch="False" />
            <line number="14" hits="0" branch="False" />
            <line number="17" hits="0" branch="True" condition-coverage="0% (0/6)">
              <conditions>
                <condition number="86" type="jump" coverage="0%" />
                <condition number="100" type="jump" coverage="0%" />
                <condition number="124" type="jump" coverage="0%" />
              </conditions>
            </line>
            <line number="19" hits="0" branch="True" condition-coverage="0% (0/2)">
              <conditions>
                <condition number="138" type="jump" coverage="0%" />
              </conditions>
            </line>
            <line number="20" hits="0" branch="True" condition-coverage="0% (0/2)">
              <conditions>
                <condition number="160" type="jump" coverage="0%" />
              </conditions>
            </line>
            <line number="21" hits="0" branch="False" />
            <line number="24" hits="0" branch="False" />
            <line number="25" hits="0" branch="True" condition-coverage="0% (0/2)">
              <conditions>
                <condition number="309" type="jump" coverage="0%" />
              </conditions>
            </line>
            <line number="27" hits="0" branch="False" />
            <line number="28" hits="0" branch="False" />
            <line number="29" hits="0" branch="False" />
            <line number="30" hits="0" branch="False" />
            <line number="31" hits="0" branch="False" />
            <line number="34" hits="0" branch="False" />
            <line number="35" hits="0" branch="False" />
            <line number="36" hits="0" branch="False" />
            <line number="38" hits="0" branch="False" />
            <line number="39" hits="0" branch="False" />
            <line number="40" hits="0" branch="False" />
            <line number="41" hits="0" branch="True" condition-coverage="0% (0/2)">
              <conditions>
                <condition number="621" type="jump" coverage="0%" />
              </conditions>
            </line>
            <line number="43" hits="0" branch="True" condition-coverage="0% (0/2)">
              <conditions>
                <condition number="632" type="jump" coverage="0%" />
              </conditions>
            </line>
            <line number="45" hits="0" branch="False" />
            <line number="49" hits="0" branch="False" />
            <line number="53" hits="0" branch="False" />
            <line number="54" hits="0" branch="False" />
            <line number="57" hits="0" branch="False" />
            <line number="58" hits="0" branch="False" />
            <line number="59" hits="0" branch="True" condition-coverage="0% (0/4)">
              <conditions>
                <condition number="703" type="jump" coverage="0%" />
                <condition number="714" type="jump" coverage="0%" />
              </conditions>
            </line>
            <line number="61" hits="0" branch="False" />
            <line number="63" hits="0" branch="False" />
            <line number="64" hits="0" branch="False" />
            <line number="65" hits="0" branch="False" />
            <line number="66" hits="0" branch="False" />
            <line number="67" hits="0" branch="False" />
            <line number="68" hits="0" branch="False" />
            <line number="69" hits="0" branch="False" />
            <line number="70" hits="0" branch="False" />
            <line number="71" hits="0" branch="False" />
            <line number="72" hits="0" branch="False" />
            <line number="74" hits="0" branch="False" />
            <line number="75" hits="0" branch="False" />
            <line number="77" hits="0" branch="True" condition-coverage="0% (0/2)">
              <conditions>
                <condition number="851" type="jump" coverage="0%" />
              </conditions>
            </line>
            <line number="78" hits="0" branch="False" />
            <line number="79" hits="0" branch="False" />
            <line number="80" hits="0" branch="False" />
            <line number="81" hits="0" branch="False" />
            <line number="82" hits="0" branch="False" />
            <line number="84" hits="0" branch="False" />
            <line number="85" hits="0" branch="False" />
            <line number="86" hits="0" branch="False" />
          </lines>
        </class>
        <class name="Bot.BotHandlers" filename="Bot/BotHandlers.Core.cs" line-rate="0.3968" branch-rate="0.3333" complexity="56">
          <methods>
            <method name="get_ReceiverOptions" signature="()" line-rate="1" branch-rate="1" complexity="1">
              <lines>
                <line number="29" hits="4" branch="False" />
              </lines>
            </method>
            <method name="HasPartyInfo" signature="()" line-rate="0.2666" branch-rate="0.4" complexity="10">
              <lines>
                <line number="382" hits="2" branch="False" />
                <line number="385" hits="2" branch="True" condition-coverage="50% (1/2)">
                  <conditions>
                    <condition number="23" type="jump" coverage="50%" />
                  </conditions>
                </line>
                <line number="387" hits="0" branch="False" />
                <line number="388" hits="0" branch="True" condition-coverage="50% (1/2)">
                  <conditions>
                    <condition number="45" type="jump" coverage="50%" />
                  </conditions>
                </line>
                <line number="392" hits="0" branch="False" />
                <line number="393" hits="0" branch="True" condition-coverage="0% (0/2)">
                  <conditions>
                    <condition number="58" type="jump" coverage="0%" />
                  </conditions>
                </line>
                <line number="395" hits="0" branch="False" />
                <line number="397" hits="0" branch="False" />
                <line number="398" hits="0" branch="False" />
                <line number="402" hits="2" branch="True" condition-coverage="50% (1/2)">
                  <conditions>
                    <condition number="80" type="jump" coverage="50%" />
                  </conditions>
                </line>
                <line number="404" hits="0" branch="False" />
                <line number="405" hits="0" branch="True" condition-coverage="50% (1/2)">
                  <conditions>
                    <condition number="100" type="jump" coverage="50%" />
                  </conditions>
                </line>
                <line number="407" hits="0" branch="False" />
                <line number="411" hits="2" branch="False" />
                <line number="412" hits="0" branch="False" />
              </lines>
            </method>
            <method name="IsAdmin" signature="(System.Nullable`1&lt;System.Int64&gt;,System.String,System.Int64,System.Boolean)" line-rate="0.3333" branch-rate="0.5" complexity="22">
              <lines>
                <line number="509" hits="7" branch="True" condition-coverage="50% (3/6)">
                  <conditions>
                    <condition number="11" type="jump" coverage="50%" />
                    <condition number="20" type="jump" coverage="50%" />
                    <condition number="40" type="jump" coverage="50%" />
                  </conditions>
                </line>
                <line number="511" hits="0" branch="False" />
                <line number="515" hits="7" branch="True" condition-coverage="50% (1/2)">
                  <conditions>
                    <condition number="55" type="jump" coverage="50%" />
                  </conditions>
                </line>
                <line number="517" hits="0" branch="False" />
                <line number="518" hits="0" branch="True" condition-coverage="50% (2/4)">
                  <conditions>
                    <condition number="70" type="jump" coverage="50%" />
                    <condition number="85" type="jump" coverage="50%" />
                  </conditions>
                </line>
                <line number="520" hits="0" branch="False" />
                <line number="525" hits="7" branch="True" condition-coverage="50% (2/4)">
                  <conditions>
                    <condition number="91" type="jump" coverage="50%" />
                    <condition number="100" type="jump" coverage="50%" />
                  </conditions>
                </line>
                <line number="527" hits="0" branch="True" condition-coverage="50% (2/4)">
                  <conditions>
                    <condition number="113" type="jump" coverage="50%" />
                    <condition number="127" type="jump" coverage="50%" />
                  </conditions>
                </line>
                <line number="529" hits="0" branch="False" />
                <line number="530" hits="0" branch="True" condition-coverage="50% (1/2)">
                  <conditions>
                    <condition number="185" type="jump" coverage="50%" />
                  </conditions>
                </line>
                <line number="532" hits="0" branch="False" />
                <line number="537" hits="7" branch="False" />
              </lines>
            </method>
            <method name="IsSuperAdmin" signature="(System.Nullable`1&lt;System.Int64&gt;,System.String)" line-rate="0" branch-rate="0" complexity="12">
              <lines>
                <line number="542" hits="0" branch="True" condition-coverage="0% (0/6)">
                  <conditions>
                    <condition number="11" type="jump" coverage="0%" />
                    <condition number="20" type="jump" coverage="0%" />
                    <condition number="40" type="jump" coverage="0%" />
                  </conditions>
                </line>
                <line number="544" hits="0" branch="False" />
                <line number="547" hits="0" branch="True" condition-coverage="0% (0/2)">
                  <conditions>
                    <condition number="55" type="jump" coverage="0%" />
                  </conditions>
                </line>
                <line number="549" hits="0" branch="False" />
                <line number="550" hits="0" branch="True" condition-coverage="0% (0/4)">
                  <conditions>
                    <condition number="70" type="jump" coverage="0%" />
                    <condition number="85" type="jump" coverage="0%" />
                  </conditions>
                </line>
                <line number="552" hits="0" branch="False" />
                <line number="555" hits="0" branch="False" />
              </lines>
            </method>
            <method name="NormalizeHandle" signature="(System.String)" line-rate="0.3333" branch-rate="0.25" complexity="4">
              <lines>
                <line number="560" hits="4" branch="True" condition-coverage="50% (1/2)">
                  <conditions>
                    <condition number="6" type="jump" coverage="50%" />
                  </conditions>
                </line>
                <line number="562" hits="4" branch="False" />
                <line number="565" hits="0" branch="False" />
                <line number="566" hits="0" branch="True" condition-coverage="0% (0/2)">
                  <conditions>
                    <condition number="28" type="jump" coverage="0%" />
                  </conditions>
                </line>
                <line number="568" hits="0" branch="False" />
                <line number="571" hits="0" branch="False" />
              </lines>
            </method>
            <method name="HandleErrorAsync" signature="(Telegram.Bot.ITelegramBotClient,System.Exception,System.Threading.CancellationToken)" line-rate="0" branch-rate="0" complexity="2">
              <lines>
                <line number="576" hits="0" branch="True" condition-coverage="0% (0/2)">
                  <conditions>
                    <condition number="8" type="jump" coverage="0%" />
                  </conditions>
                </line>
                <line number="577" hits="0" branch="False" />
                <line number="578" hits="0" branch="False" />
                <line number="579" hits="0" branch="False" />
                <line number="580" hits="0" branch="False" />
                <line number="581" hits="0" branch="False" />
                <line number="582" hits="0" branch="False" />
              </lines>
            </method>
            <method name="SetSession" signature="(System.Int64,Bot.Services.Session)" line-rate="1" branch-rate="1" complexity="1">
              <lines>
                <line number="657" hits="2" branch="False" />
              </lines>
            </method>
            <method name="&lt;HasPartyInfo&gt;g__ResolveAtBase|14_0" signature="(System.String,Bot.BotHandlers/&lt;&gt;c__DisplayClass14_0&amp;)" line-rate="0" branch-rate="0" complexity="2">
              <lines>
                <line number="383" hits="0" branch="True" condition-coverage="0% (0/2)">
                  <conditions>
                    <condition number="6" type="jump" coverage="0%" />
                  </conditions>
                </line>
              </lines>
            </method>
            <method name=".ctor" signature="(Telegram.Bot.ITelegramBotClient,Bot.Services.IGuestRepository,System.Nullable`1&lt;System.Int64&gt;,System.String,System.String,System.String,Bot.Services.IGroupAdminStore,System.Nullable`1&lt;System.Int64&gt;)" line-rate="1" branch-rate="1" complexity="2">
              <lines>
                <line number="17" hits="4" branch="False" />
                <line number="19" hits="4" branch="False" />
                <line number="20" hits="4" branch="False" />
                <line number="21" hits="4" branch="False" />
                <line number="22" hits="4" branch="False" />
                <line number="23" hits="4" branch="False" />
                <line number="24" hits="4" branch="False" />
                <line number="25" hits="4" branch="False" />
                <line number="26" hits="4" branch="True" condition-coverage="100% (2/2)">
                  <conditions>
                    <condition number="65" type="jump" coverage="100%" />
                  </conditions>
                </line>
                <line number="27" hits="4" branch="False" />
                <line number="30" hits="4" branch="False" />
                <line number="31" hits="4" branch="False" />
                <line number="32" hits="4" branch="False" />
              </lines>
            </method>
          </methods>
          <lines>
            <line number="29" hits="4" branch="False" />
            <line number="382" hits="2" branch="False" />
            <line number="385" hits="2" branch="True" condition-coverage="50% (1/2)">
              <conditions>
                <condition number="23" type="jump" coverage="50%" />
              </conditions>
            </line>
            <line number="387" hits="0" branch="False" />
            <line number="388" hits="0" branch="True" condition-coverage="50% (1/2)">
              <conditions>
                <condition number="45" type="jump" coverage="50%" />
              </conditions>
            </line>
            <line number="392" hits="0" branch="False" />
            <line number="393" hits="0" branch="True" condition-coverage="0% (0/2)">
              <conditions>
                <condition number="58" type="jump" coverage="0%" />
              </conditions>
            </line>
            <line number="395" hits="0" branch="False" />
            <line number="397" hits="0" branch="False" />
            <line number="398" hits="0" branch="False" />
            <line number="402" hits="2" branch="True" condition-coverage="50% (1/2)">
              <conditions>
                <condition number="80" type="jump" coverage="50%" />
              </conditions>
            </line>
            <line number="404" hits="0" branch="False" />
            <line number="405" hits="0" branch="True" condition-coverage="50% (1/2)">
              <conditions>
                <condition number="100" type="jump" coverage="50%" />
              </conditions>
            </line>
            <line number="407" hits="0" branch="False" />
            <line number="411" hits="2" branch="False" />
            <line number="412" hits="0" branch="False" />
            <line number="509" hits="7" branch="True" condition-coverage="50% (3/6)">
              <conditions>
                <condition number="11" type="jump" coverage="50%" />
                <condition number="20" type="jump" coverage="50%" />
                <condition number="40" type="jump" coverage="50%" />
              </conditions>
            </line>
            <line number="511" hits="0" branch="False" />
            <line number="515" hits="7" branch="True" condition-coverage="50% (1/2)">
              <conditions>
                <condition number="55" type="jump" coverage="50%" />
              </conditions>
            </line>
            <line number="517" hits="0" branch="False" />
            <line number="518" hits="0" branch="True" condition-coverage="50% (2/4)">
              <conditions>
                <condition number="70" type="jump" coverage="50%" />
                <condition number="85" type="jump" coverage="50%" />
              </conditions>
            </line>
            <line number="520" hits="0" branch="False" />
            <line number="525" hits="7" branch="True" condition-coverage="50% (2/4)">
              <conditions>
                <condition number="91" type="jump" coverage="50%" />
                <condition number="100" type="jump" coverage="50%" />
              </conditions>
            </line>
            <line number="527" hits="0" branch="True" condition-coverage="50% (2/4)">
              <conditions>
                <condition number="113" type="jump" coverage="50%" />
                <condition number="127" type="jump" coverage="50%" />
              </conditions>
            </line>
            <line number="529" hits="0" branch="False" />
            <line number="530" hits="0" branch="True" condition-coverage="50% (1/2)">
              <conditions>
                <condition number="185" type="jump" coverage="50%" />
              </conditions>
            </line>
            <line number="532" hits="0" branch="False" />
            <line number="537" hits="7" branch="False" />
            <line number="542" hits="0" branch="True" condition-coverage="0% (0/6)">
              <conditions>
                <condition number="11" type="jump" coverage="0%" />
                <condition number="20" type="jump" coverage="0%" />
                <condition number="40" type="jump" coverage="0%" />
              </conditions>
            </line>
            <line number="544" hits="0" branch="False" />
            <line number="547" hits="0" branch="True" condition-coverage="0% (0/2)">
              <conditions>
                <condition number="55" type="jump" coverage="0%" />
              </conditions>
            </line>
            <line number="549" hits="0" branch="False" />
            <line number="550" hits="0" branch="True" condition-coverage="0% (0/4)">
              <conditions>
                <condition number="70" type="jump" coverage="0%" />
                <condition number="85" type="jump" coverage="0%" />
              </conditions>
            </line>
            <line number="552" hits="0" branch="False" />
            <line number="555" hits="0" branch="False" />
            <line number="560" hits="4" branch="True" condition-coverage="50% (1/2)">
              <conditions>
                <condition number="6" type="jump" coverage="50%" />
              </conditions>
            </line>
            <line number="562" hits="4" branch="False" />
            <line number="565" hits="0" branch="False" />
            <line number="566" hits="0" branch="True" condition-coverage="0% (0/2)">
              <conditions>
                <condition number="28" type="jump" coverage="0%" />
              </conditions>
            </line>
            <line number="568" hits="0" branch="False" />
            <line number="571" hits="0" branch="False" />
            <line number="576" hits="0" branch="True" condition-coverage="0% (0/2)">
              <conditions>
                <condition number="8" type="jump" coverage="0%" />
              </conditions>
            </line>
            <line number="577" hits="0" branch="False" />
            <line number="578" hits="0" branch="False" />
            <line number="579" hits="0" branch="False" />
            <line number="580" hits="0" branch="False" />
            <line number="581" hits="0" branch="False" />
            <line number="582" hits="0" branch="False" />
            <line number="657" hits="2" branch="False" />
            <line number="383" hits="0" branch="True" condition-coverage="0% (0/2)">
              <conditions>
                <condition number="6" type="jump" coverage="0%" />
              </conditions>
            </line>
            <line number="17" hits="4" branch="False" />
            <line number="19" hits="4" branch="False" />
            <line number="20" hits="4" branch="False" />
            <line number="21" hits="4" branch="False" />
            <line number="22" hits="4" branch="False" />
            <line number="23" hits="4" branch="False" />
            <line number="24" hits="4" branch="False" />
            <line number="25" hits="4" branch="False" />
            <line number="26" hits="4" branch="True" condition-coverage="100% (2/2)">
              <conditions>
                <condition number="65" type="jump" coverage="100%" />
              </conditions>
            </line>
            <line number="27" hits="4" branch="False" />
            <line number="30" hits="4" branch="False" />
            <line number="31" hits="4" branch="False" />
            <line number="32" hits="4" branch="False" />
          </lines>
        </class>
        <class name="Bot.BotHandlers/&lt;&gt;c__DisplayClass23_0" filename="Bot/BotHandlers.Core.cs" line-rate="0" branch-rate="0" complexity="2">
          <methods>
            <method name="&lt;ShowPartyInfo&gt;g__ResolveAtBase|0" signature="(System.String)" line-rate="0" branch-rate="0" complexity="2">
              <lines>
                <line number="612" hits="0" branch="True" condition-coverage="0% (0/2)">
                  <conditions>
                    <condition number="6" type="jump" coverage="0%" />
                  </conditions>
                </line>
              </lines>
            </method>
          </methods>
          <lines>
            <line number="612" hits="0" branch="True" condition-coverage="0% (0/2)">
              <conditions>
                <condition number="6" type="jump" coverage="0%" />
              </conditions>
            </line>
          </lines>
        </class>
        <class name="Bot.BotHandlers/&lt;&gt;c__DisplayClass23_0/&lt;&lt;ShowPartyInfo&gt;g__SendTextAsync|1&gt;d" filename="Bot/BotHandlers.Core.cs" line-rate="0" branch-rate="0" complexity="6">
          <methods>
            <method name="MoveNext" signature="()" line-rate="0" branch-rate="0" complexity="6">
              <lines>
                <line number="616" hits="0" branch="False" />
                <line number="617" hits="0" branch="True" condition-coverage="0% (0/2)">
                  <conditions>
                    <condition number="43" type="jump" coverage="0%" />
                  </conditions>
                </line>
                <line number="619" hits="0" branch="False" />
                <line number="620" hits="0" branch="True" condition-coverage="0% (0/2)">
                  <conditions>
                    <condition number="62" type="jump" coverage="0%" />
                  </conditions>
                </line>
                <line number="624" hits="0" branch="False" />
                <line number="625" hits="0" branch="True" condition-coverage="0% (0/2)">
                  <conditions>
                    <condition number="187" type="jump" coverage="0%" />
                  </conditions>
                </line>
                <line number="627" hits="0" branch="False" />
                <line number="628" hits="0" branch="False" />
                <line number="630" hits="0" branch="False" />
                <line number="631" hits="0" branch="False" />
                <line number="634" hits="0" branch="False" />
                <line number="635" hits="0" branch="False" />
                <line number="636" hits="0" branch="False" />
                <line number="637" hits="0" branch="False" />
                <line number="638" hits="0" branch="False" />
              </lines>
            </method>
          </methods>
          <lines>
            <line number="616" hits="0" branch="False" />
            <line number="617" hits="0" branch="True" condition-coverage="0% (0/2)">
              <conditions>
                <condition number="43" type="jump" coverage="0%" />
              </conditions>
            </line>
            <line number="619" hits="0" branch="False" />
            <line number="620" hits="0" branch="True" condition-coverage="0% (0/2)">
              <conditions>
                <condition number="62" type="jump" coverage="0%" />
              </conditions>
            </line>
            <line number="624" hits="0" branch="False" />
            <line number="625" hits="0" branch="True" condition-coverage="0% (0/2)">
              <conditions>
                <condition number="187" type="jump" coverage="0%" />
              </conditions>
            </line>
            <line number="627" hits="0" branch="False" />
            <line number="628" hits="0" branch="False" />
            <line number="630" hits="0" branch="False" />
            <line number="631" hits="0" branch="False" />
            <line number="634" hits="0" branch="False" />
            <line number="635" hits="0" branch="False" />
            <line number="636" hits="0" branch="False" />
            <line number="637" hits="0" branch="False" />
            <line number="638" hits="0" branch="False" />
          </lines>
        </class>
        <class name="Bot.BotHandlers/&lt;AskLanguage&gt;d__21" filename="Bot/BotHandlers.Core.cs" line-rate="0" branch-rate="0" complexity="6">
          <methods>
            <method name="MoveNext" signature="()" line-rate="0" branch-rate="0" complexity="6">
              <lines>
                <line number="587" hits="0" branch="False" />
                <line number="588" hits="0" branch="False" />
                <line number="589" hits="0" branch="True" condition-coverage="0% (0/4)">
                  <conditions>
                    <condition number="90" type="jump" coverage="0%" />
                    <condition number="117" type="jump" coverage="0%" />
                  </conditions>
                </line>
                <line number="592" hits="0" branch="True" condition-coverage="0% (0/2)">
                  <conditions>
                    <condition number="135" type="jump" coverage="0%" />
                  </conditions>
                </line>
                <line number="594" hits="0" branch="False" />
                <line number="596" hits="0" branch="False" />
                <line number="597" hits="0" branch="False" />
                <line number="598" hits="0" branch="False" />
                <line number="599" hits="0" branch="False" />
                <line number="600" hits="0" branch="False" />
              </lines>
            </method>
          </methods>
          <lines>
            <line number="587" hits="0" branch="False" />
            <line number="588" hits="0" branch="False" />
            <line number="589" hits="0" branch="True" condition-coverage="0% (0/4)">
              <conditions>
                <condition number="90" type="jump" coverage="0%" />
                <condition number="117" type="jump" coverage="0%" />
              </conditions>
            </line>
            <line number="592" hits="0" branch="True" condition-coverage="0% (0/2)">
              <conditions>
                <condition number="135" type="jump" coverage="0%" />
              </conditions>
            </line>
            <line number="594" hits="0" branch="False" />
            <line number="596" hits="0" branch="False" />
            <line number="597" hits="0" branch="False" />
            <line number="598" hits="0" branch="False" />
            <line number="599" hits="0" branch="False" />
            <line number="600" hits="0" branch="False" />
          </lines>
        </class>
        <class name="Bot.BotHandlers/&lt;BroadcastAsync&gt;d__16" filename="Bot/BotHandlers.Core.cs" line-rate="0" branch-rate="0" complexity="28">
          <methods>
            <method name="MoveNext" signature="()" line-rate="0" branch-rate="0" complexity="28">
              <lines>
                <line number="428" hits="0" branch="False" />
                <line number="429" hits="0" branch="False" />
                <line number="430" hits="0" branch="False" />
                <line number="431" hits="0" branch="True" condition-coverage="0% (0/2)">
                  <conditions>
                    <condition number="90" type="jump" coverage="0%" />
                  </conditions>
                </line>
                <line number="433" hits="0" branch="False" />
                <line number="435" hits="0" branch="False" />
                <line number="436" hits="0" branch="True" condition-coverage="0% (0/2)">
                  <conditions>
                    <condition number="368" type="jump" coverage="0%" />
                  </conditions>
                </line>
                <line number="438" hits="0" branch="True" condition-coverage="0% (0/2)">
                  <conditions>
                    <condition number="146" type="jump" coverage="0%" />
                  </conditions>
                </line>
                <line number="445" hits="0" branch="False" />
                <line number="446" hits="0" branch="True" condition-coverage="0% (0/2)">
                  <conditions>
                    <condition number="166" type="jump" coverage="0%" />
                  </conditions>
                </line>
                <line number="448" hits="0" branch="False" />
                <line number="451" hits="0" branch="True" condition-coverage="0% (0/2)">
                  <conditions>
                    <condition number="177" type="jump" coverage="0%" />
                  </conditions>
                </line>
                <line number="452" hits="0" branch="False" />
                <line number="453" hits="0" branch="True" condition-coverage="0% (0/2)">
                  <conditions>
                    <condition number="224" type="jump" coverage="0%" />
                  </conditions>
                </line>
                <line number="455" hits="0" branch="False" />
                <line number="457" hits="0" branch="False" />
                <line number="458" hits="0" branch="False" />
                <line number="460" hits="0" branch="False" />
                <line number="462" hits="0" branch="False" />
                <line number="463" hits="0" branch="True" condition-coverage="0% (0/2)">
                  <conditions>
                    <condition number="489" type="jump" coverage="0%" />
                  </conditions>
                </line>
                <line number="465" hits="0" branch="True" condition-coverage="0% (0/2)">
                  <conditions>
                    <condition number="466" type="jump" coverage="0%" />
                  </conditions>
                </line>
                <line number="470" hits="0" branch="False" />
                <line number="473" hits="0" branch="True" condition-coverage="0% (0/2)">
                  <conditions>
                    <condition number="612" type="jump" coverage="0%" />
                  </conditions>
                </line>
                <line number="475" hits="0" branch="True" condition-coverage="0% (0/2)">
                  <conditions>
                    <condition number="558" type="jump" coverage="0%" />
                  </conditions>
                </line>
                <line number="480" hits="0" branch="True" condition-coverage="0% (0/4)">
                  <conditions>
                    <condition number="572" type="jump" coverage="0%" />
                    <condition number="594" type="jump" coverage="0%" />
                  </conditions>
                </line>
                <line number="482" hits="0" branch="False" />
                <line number="486" hits="0" branch="False" />
                <line number="487" hits="0" branch="True" condition-coverage="0% (0/4)">
                  <conditions>
                    <condition number="1055" type="jump" coverage="0%" />
                    <condition number="665" type="jump" coverage="0%" />
                  </conditions>
                </line>
                <line number="491" hits="0" branch="False" />
                <line number="492" hits="0" branch="False" />
                <line number="493" hits="0" branch="False" />
                <line number="494" hits="0" branch="False" />
                <line number="495" hits="0" branch="False" />
                <line number="497" hits="0" branch="False" />
                <line number="498" hits="0" branch="False" />
                <line number="500" hits="0" branch="False" />
                <line number="501" hits="0" branch="False" />
                <line number="502" hits="0" branch="False" />
                <line number="503" hits="0" branch="False" />
                <line number="504" hits="0" branch="False" />
              </lines>
            </method>
          </methods>
          <lines>
            <line number="428" hits="0" branch="False" />
            <line number="429" hits="0" branch="False" />
            <line number="430" hits="0" branch="False" />
            <line number="431" hits="0" branch="True" condition-coverage="0% (0/2)">
              <conditions>
                <condition number="90" type="jump" coverage="0%" />
              </conditions>
            </line>
            <line number="433" hits="0" branch="False" />
            <line number="435" hits="0" branch="False" />
            <line number="436" hits="0" branch="True" condition-coverage="0% (0/2)">
              <conditions>
                <condition number="368" type="jump" coverage="0%" />
              </conditions>
            </line>
            <line number="438" hits="0" branch="True" condition-coverage="0% (0/2)">
              <conditions>
                <condition number="146" type="jump" coverage="0%" />
              </conditions>
            </line>
            <line number="445" hits="0" branch="False" />
            <line number="446" hits="0" branch="True" condition-coverage="0% (0/2)">
              <conditions>
                <condition number="166" type="jump" coverage="0%" />
              </conditions>
            </line>
            <line number="448" hits="0" branch="False" />
            <line number="451" hits="0" branch="True" condition-coverage="0% (0/2)">
              <conditions>
                <condition number="177" type="jump" coverage="0%" />
              </conditions>
            </line>
            <line number="452" hits="0" branch="False" />
            <line number="453" hits="0" branch="True" condition-coverage="0% (0/2)">
              <conditions>
                <condition number="224" type="jump" coverage="0%" />
              </conditions>
            </line>
            <line number="455" hits="0" branch="False" />
            <line number="457" hits="0" branch="False" />
            <line number="458" hits="0" branch="False" />
            <line number="460" hits="0" branch="False" />
            <line number="462" hits="0" branch="False" />
            <line number="463" hits="0" branch="True" condition-coverage="0% (0/2)">
              <conditions>
                <condition number="489" type="jump" coverage="0%" />
              </conditions>
            </line>
            <line number="465" hits="0" branch="True" condition-coverage="0% (0/2)">
              <conditions>
                <condition number="466" type="jump" coverage="0%" />
              </conditions>
            </line>
            <line number="470" hits="0" branch="False" />
            <line number="473" hits="0" branch="True" condition-coverage="0% (0/2)">
              <conditions>
                <condition number="612" type="jump" coverage="0%" />
              </conditions>
            </line>
            <line number="475" hits="0" branch="True" condition-coverage="0% (0/2)">
              <conditions>
                <condition number="558" type="jump" coverage="0%" />
              </conditions>
            </line>
            <line number="480" hits="0" branch="True" condition-coverage="0% (0/4)">
              <conditions>
                <condition number="572" type="jump" coverage="0%" />
                <condition number="594" type="jump" coverage="0%" />
              </conditions>
            </line>
            <line number="482" hits="0" branch="False" />
            <line number="486" hits="0" branch="False" />
            <line number="487" hits="0" branch="True" condition-coverage="0% (0/4)">
              <conditions>
                <condition number="1055" type="jump" coverage="0%" />
                <condition number="665" type="jump" coverage="0%" />
              </conditions>
            </line>
            <line number="491" hits="0" branch="False" />
            <line number="492" hits="0" branch="False" />
            <line number="493" hits="0" branch="False" />
            <line number="494" hits="0" branch="False" />
            <line number="495" hits="0" branch="False" />
            <line number="497" hits="0" branch="False" />
            <line number="498" hits="0" branch="False" />
            <line number="500" hits="0" branch="False" />
            <line number="501" hits="0" branch="False" />
            <line number="502" hits="0" branch="False" />
            <line number="503" hits="0" branch="False" />
            <line number="504" hits="0" branch="False" />
          </lines>
        </class>
        <class name="Bot.BotHandlers/&lt;ExportAndSend&gt;d__15" filename="Bot/BotHandlers.Core.cs" line-rate="0" branch-rate="0" complexity="4">
          <methods>
            <method name="MoveNext" signature="()" line-rate="0" branch-rate="0" complexity="4">
              <lines>
                <line number="416" hits="0" branch="False" />
                <line number="417" hits="0" branch="False" />
                <line number="418" hits="0" branch="False" />
                <line number="419" hits="0" branch="False" />
                <line number="420" hits="0" branch="False" />
                <line number="421" hits="0" branch="True" condition-coverage="0% (0/2)">
                  <conditions>
                    <condition number="292" type="jump" coverage="0%" />
                  </conditions>
                </line>
                <line number="422" hits="0" branch="True" condition-coverage="0% (0/2)">
                  <conditions>
                    <condition number="555" type="jump" coverage="0%" />
                  </conditions>
                </line>
                <line number="423" hits="0" branch="False" />
              </lines>
            </method>
          </methods>
          <lines>
            <line number="416" hits="0" branch="False" />
            <line number="417" hits="0" branch="False" />
            <line number="418" hits="0" branch="False" />
            <line number="419" hits="0" branch="False" />
            <line number="420" hits="0" branch="False" />
            <line number="421" hits="0" branch="True" condition-coverage="0% (0/2)">
              <conditions>
                <condition number="292" type="jump" coverage="0%" />
              </conditions>
            </line>
            <line number="422" hits="0" branch="True" condition-coverage="0% (0/2)">
              <conditions>
                <condition number="555" type="jump" coverage="0%" />
              </conditions>
            </line>
            <line number="423" hits="0" branch="False" />
          </lines>
        </class>
        <class name="Bot.BotHandlers/&lt;HandleUpdateAsync&gt;d__13" filename="Bot/BotHandlers.Core.cs" line-rate="0" branch-rate="0" complexity="146">
          <methods>
            <method name="MoveNext" signature="()" line-rate="0" branch-rate="0" complexity="146">
              <lines>
                <line number="36" hits="0" branch="True" condition-coverage="0% (0/4)">
                  <conditions>
                    <condition number="220" type="jump" coverage="0%" />
                    <condition number="233" type="jump" coverage="0%" />
                  </conditions>
                </line>
                <line number="38" hits="0" branch="False" />
                <line number="41" hits="0" branch="False" />
                <line number="42" hits="0" branch="False" />
                <line number="43" hits="0" branch="False" />
                <line number="45" hits="0" branch="True" condition-coverage="0% (0/2)">
                  <conditions>
                    <condition number="285" type="jump" coverage="0%" />
                  </conditions>
                </line>
                <line number="47" hits="0" branch="True" condition-coverage="0% (0/2)">
                  <conditions>
                    <condition number="298" type="jump" coverage="0%" />
                  </conditions>
                </line>
                <line number="49" hits="0" branch="True" condition-coverage="0% (0/2)">
                  <conditions>
                    <condition number="317" type="jump" coverage="0%" />
                  </conditions>
                </line>
                <line number="57" hits="0" branch="False" />
                <line number="60" hits="0" branch="True" condition-coverage="0% (0/4)">
                  <conditions>
                    <condition number="331" type="jump" coverage="0%" />
                    <condition number="343" type="jump" coverage="0%" />
                  </conditions>
                </line>
                <line number="64" hits="0" branch="True" condition-coverage="0% (0/2)">
                  <conditions>
                    <condition number="413" type="jump" coverage="0%" />
                  </conditions>
                </line>
                <line number="66" hits="0" branch="False" />
                <line number="67" hits="0" branch="False" />
                <line number="70" hits="0" branch="True" condition-coverage="0% (0/2)">
                  <conditions>
                    <condition number="477" type="jump" coverage="0%" />
                  </conditions>
                </line>
                <line number="73" hits="0" branch="True" condition-coverage="0% (0/2)">
                  <conditions>
                    <condition number="495" type="jump" coverage="0%" />
                  </conditions>
                </line>
                <line number="75" hits="0" branch="False" />
                <line number="76" hits="0" branch="False" />
                <line number="80" hits="0" branch="False" />
                <line number="81" hits="0" branch="True" condition-coverage="0% (0/4)">
                  <conditions>
                    <condition number="749" type="jump" coverage="0%" />
                    <condition number="772" type="jump" coverage="0%" />
                  </conditions>
                </line>
                <line number="83" hits="0" branch="False" />
                <line number="84" hits="0" branch="False" />
                <line number="85" hits="0" branch="False" />
                <line number="86" hits="0" branch="False" />
                <line number="87" hits="0" branch="False" />
                <line number="88" hits="0" branch="False" />
                <line number="89" hits="0" branch="False" />
                <line number="92" hits="0" branch="False" />
                <line number="93" hits="0" branch="False" />
                <line number="94" hits="0" branch="False" />
                <line number="95" hits="0" branch="False" />
                <line number="96" hits="0" branch="False" />
                <line number="97" hits="0" branch="False" />
                <line number="98" hits="0" branch="False" />
                <line number="102" hits="0" branch="True" condition-coverage="0% (0/2)">
                  <conditions>
                    <condition number="1164" type="jump" coverage="0%" />
                  </conditions>
                </line>
                <line number="104" hits="0" branch="False" />
                <line number="105" hits="0" branch="True" condition-coverage="0% (0/2)">
                  <conditions>
                    <condition number="1197" type="jump" coverage="0%" />
                  </conditions>
                </line>
                <line number="106" hits="0" branch="True" condition-coverage="0% (0/2)">
                  <conditions>
                    <condition number="1224" type="jump" coverage="0%" />
                  </conditions>
                </line>
                <line number="108" hits="0" branch="True" condition-coverage="0% (0/2)">
                  <conditions>
                    <condition number="1234" type="jump" coverage="0%" />
                  </conditions>
                </line>
                <line number="111" hits="0" branch="True" condition-coverage="0% (0/2)">
                  <conditions>
                    <condition number="1256" type="jump" coverage="0%" />
                  </conditions>
                </line>
                <line number="113" hits="0" branch="False" />
                <line number="114" hits="0" branch="False" />
                <line number="115" hits="0" branch="False" />
                <line number="116" hits="0" branch="False" />
                <line number="117" hits="0" branch="False" />
                <line number="118" hits="0" branch="False" />
                <line number="119" hits="0" branch="False" />
                <line number="120" hits="0" branch="False" />
                <line number="122" hits="0" branch="True" condition-coverage="0% (0/2)">
                  <conditions>
                    <condition number="1453" type="jump" coverage="0%" />
                  </conditions>
                </line>
                <line number="124" hits="0" branch="False" />
                <line number="125" hits="0" branch="False" />
                <line number="126" hits="0" branch="False" />
                <line number="127" hits="0" branch="False" />
                <line number="128" hits="0" branch="False" />
                <line number="129" hits="0" branch="False" />
                <line number="130" hits="0" branch="False" />
                <line number="131" hits="0" branch="False" />
                <line number="135" hits="0" branch="True" condition-coverage="0% (0/2)">
                  <conditions>
                    <condition number="1651" type="jump" coverage="0%" />
                  </conditions>
                </line>
                <line number="137" hits="0" branch="True" condition-coverage="0% (0/2)">
                  <conditions>
                    <condition number="1691" type="jump" coverage="0%" />
                  </conditions>
                </line>
                <line number="139" hits="0" branch="True" condition-coverage="0% (0/2)">
                  <conditions>
                    <condition number="1734" type="jump" coverage="0%" />
                  </conditions>
                </line>
                <line number="140" hits="0" branch="False" />
                <line number="141" hits="0" branch="False" />
                <line number="142" hits="0" branch="False" />
                <line number="144" hits="0" branch="False" />
                <line number="145" hits="0" branch="False" />
                <line number="148" hits="0" branch="True" condition-coverage="0% (0/2)">
                  <conditions>
                    <condition number="2059" type="jump" coverage="0%" />
                  </conditions>
                </line>
                <line number="150" hits="0" branch="True" condition-coverage="0% (0/2)">
                  <conditions>
                    <condition number="2099" type="jump" coverage="0%" />
                  </conditions>
                </line>
                <line number="152" hits="0" branch="True" condition-coverage="0% (0/2)">
                  <conditions>
                    <condition number="2142" type="jump" coverage="0%" />
                  </conditions>
                </line>
                <line number="153" hits="0" branch="False" />
                <line number="154" hits="0" branch="False" />
                <line number="155" hits="0" branch="False" />
                <line number="157" hits="0" branch="True" condition-coverage="0% (0/2)">
                  <conditions>
                    <condition number="2343" type="jump" coverage="0%" />
                  </conditions>
                </line>
                <line number="159" hits="0" branch="False" />
                <line number="160" hits="0" branch="False" />
                <line number="161" hits="0" branch="False" />
                <line number="162" hits="0" branch="False" />
                <line number="163" hits="0" branch="False" />
                <line number="165" hits="0" branch="False" />
                <line number="166" hits="0" branch="False" />
                <line number="170" hits="0" branch="True" condition-coverage="0% (0/4)">
                  <conditions>
                    <condition number="2623" type="jump" coverage="0%" />
                    <condition number="2638" type="jump" coverage="0%" />
                  </conditions>
                </line>
                <line number="172" hits="0" branch="True" condition-coverage="0% (0/2)">
                  <conditions>
                    <condition number="2678" type="jump" coverage="0%" />
                  </conditions>
                </line>
                <line number="174" hits="0" branch="True" condition-coverage="0% (0/2)">
                  <conditions>
                    <condition number="2721" type="jump" coverage="0%" />
                  </conditions>
                </line>
                <line number="175" hits="0" branch="False" />
                <line number="176" hits="0" branch="False" />
                <line number="177" hits="0" branch="False" />
                <line number="179" hits="0" branch="False" />
                <line number="180" hits="0" branch="False" />
                <line number="183" hits="0" branch="True" condition-coverage="0% (0/4)">
                  <conditions>
                    <condition number="3047" type="jump" coverage="0%" />
                    <condition number="3062" type="jump" coverage="0%" />
                  </conditions>
                </line>
                <line number="185" hits="0" branch="True" condition-coverage="0% (0/2)">
                  <conditions>
                    <condition number="3102" type="jump" coverage="0%" />
                  </conditions>
                </line>
                <line number="187" hits="0" branch="True" condition-coverage="0% (0/2)">
                  <conditions>
                    <condition number="3145" type="jump" coverage="0%" />
                  </conditions>
                </line>
                <line number="188" hits="0" branch="False" />
                <line number="189" hits="0" branch="False" />
                <line number="190" hits="0" branch="False" />
                <line number="192" hits="0" branch="True" condition-coverage="0% (0/2)">
                  <conditions>
                    <condition number="3347" type="jump" coverage="0%" />
                  </conditions>
                </line>
                <line number="194" hits="0" branch="False" />
                <line number="195" hits="0" branch="False" />
                <line number="196" hits="0" branch="False" />
                <line number="197" hits="0" branch="False" />
                <line number="198" hits="0" branch="False" />
                <line number="200" hits="0" branch="False" />
                <line number="201" hits="0" branch="False" />
                <line number="204" hits="0" branch="True" condition-coverage="0% (0/2)">
                  <conditions>
                    <condition number="3628" type="jump" coverage="0%" />
                  </conditions>
                </line>
                <line number="206" hits="0" branch="True" condition-coverage="0% (0/2)">
                  <conditions>
                    <condition number="3668" type="jump" coverage="0%" />
                  </conditions>
                </line>
                <line number="208" hits="0" branch="True" condition-coverage="0% (0/2)">
                  <conditions>
                    <condition number="3711" type="jump" coverage="0%" />
                  </conditions>
                </line>
                <line number="209" hits="0" branch="False" />
                <line number="210" hits="0" branch="False" />
                <line number="211" hits="0" branch="False" />
                <line number="213" hits="0" branch="True" condition-coverage="0% (0/2)">
                  <conditions>
                    <condition number="3918" type="jump" coverage="0%" />
                  </conditions>
                </line>
                <line number="214" hits="0" branch="False" />
                <line number="215" hits="0" branch="False" />
                <line number="216" hits="0" branch="False" />
                <line number="217" hits="0" branch="False" />
                <line number="221" hits="0" branch="True" condition-coverage="0% (0/4)">
                  <conditions>
                    <condition number="4243" type="jump" coverage="0%" />
                    <condition number="4261" type="jump" coverage="0%" />
                  </conditions>
                </line>
                <line number="223" hits="0" branch="True" condition-coverage="0% (0/2)">
                  <conditions>
                    <condition number="4294" type="jump" coverage="0%" />
                  </conditions>
                </line>
                <line number="225" hits="0" branch="False" />
                <line number="226" hits="0" branch="False" />
                <line number="228" hits="0" branch="True" condition-coverage="0% (0/2)">
                  <conditions>
                    <condition number="4514" type="jump" coverage="0%" />
                  </conditions>
                </line>
                <line number="230" hits="0" branch="False" />
                <line number="231" hits="0" branch="False" />
                <line number="233" hits="0" branch="False" />
                <line number="234" hits="0" branch="True" condition-coverage="0% (0/2)">
                  <conditions>
                    <condition number="4740" type="jump" coverage="0%" />
                  </conditions>
                </line>
                <line number="236" hits="0" branch="False" />
                <line number="237" hits="0" branch="False" />
                <line number="238" hits="0" branch="False" />
                <line number="239" hits="0" branch="False" />
                <line number="241" hits="0" branch="False" />
                <line number="242" hits="0" branch="True" condition-coverage="0% (0/2)">
                  <conditions>
                    <condition number="4972" type="jump" coverage="0%" />
                  </conditions>
                </line>
                <line number="244" hits="0" branch="False" />
                <line number="245" hits="0" branch="True" condition-coverage="0% (0/2)">
                  <conditions>
                    <condition number="5120" type="jump" coverage="0%" />
                  </conditions>
                </line>
                <line number="246" hits="0" branch="False" />
                <line number="248" hits="0" branch="True" condition-coverage="0% (0/4)">
                  <conditions>
                    <condition number="5335" type="jump" coverage="0%" />
                    <condition number="5349" type="jump" coverage="0%" />
                  </conditions>
                </line>
                <line number="250" hits="0" branch="True" condition-coverage="0% (0/4)">
                  <conditions>
                    <condition number="5359" type="jump" coverage="0%" />
                    <condition number="5375" type="jump" coverage="0%" />
                  </conditions>
                </line>
                <line number="252" hits="0" branch="True" condition-coverage="0% (0/2)">
                  <conditions>
                    <condition number="5392" type="jump" coverage="0%" />
                  </conditions>
                </line>
                <line number="254" hits="0" branch="False" />
                <line number="255" hits="0" branch="True" condition-coverage="0% (0/2)">
                  <conditions>
                    <condition number="5537" type="jump" coverage="0%" />
                  </conditions>
                </line>
                <line number="259" hits="0" branch="False" />
                <line number="260" hits="0" branch="True" condition-coverage="0% (0/2)">
                  <conditions>
                    <condition number="5873" type="jump" coverage="0%" />
                  </conditions>
                </line>
                <line number="262" hits="0" branch="False" />
                <line number="264" hits="0" branch="False" />
                <line number="265" hits="0" branch="False" />
                <line number="267" hits="0" branch="False" />
                <line number="268" hits="0" branch="False" />
                <line number="272" hits="0" branch="True" condition-coverage="0% (0/2)">
                  <conditions>
                    <condition number="6490" type="jump" coverage="0%" />
                  </conditions>
                </line>
                <line number="274" hits="0" branch="True" condition-coverage="0% (0/4)">
                  <conditions>
                    <condition number="6507" type="jump" coverage="0%" />
                    <condition number="6522" type="jump" coverage="0%" />
                  </conditions>
                </line>
                <line number="276" hits="0" branch="False" />
                <line number="277" hits="0" branch="False" />
                <line number="278" hits="0" branch="False" />
                <line number="279" hits="0" branch="False" />
                <line number="280" hits="0" branch="False" />
                <line number="281" hits="0" branch="False" />
                <line number="283" hits="0" branch="True" condition-coverage="0% (0/4)">
                  <conditions>
                    <condition number="6690" type="jump" coverage="0%" />
                    <condition number="6705" type="jump" coverage="0%" />
                  </conditions>
                </line>
                <line number="285" hits="0" branch="False" />
                <line number="286" hits="0" branch="False" />
                <line number="288" hits="0" branch="True" condition-coverage="0% (0/4)">
                  <conditions>
                    <condition number="6837" type="jump" coverage="0%" />
                    <condition number="6852" type="jump" coverage="0%" />
                  </conditions>
                </line>
                <line number="290" hits="0" branch="True" condition-coverage="0% (0/2)">
                  <conditions>
                    <condition number="6892" type="jump" coverage="0%" />
                  </conditions>
                </line>
                <line number="292" hits="0" branch="True" condition-coverage="0% (0/2)">
                  <conditions>
                    <condition number="6935" type="jump" coverage="0%" />
                  </conditions>
                </line>
                <line number="293" hits="0" branch="False" />
                <line number="294" hits="0" branch="False" />
                <line number="295" hits="0" branch="False" />
                <line number="297" hits="0" branch="False" />
                <line number="298" hits="0" branch="False" />
                <line number="302" hits="0" branch="True" condition-coverage="0% (0/2)">
                  <conditions>
                    <condition number="7262" type="jump" coverage="0%" />
                  </conditions>
                </line>
                <line number="304" hits="0" branch="False" />
                <line number="305" hits="0" branch="False" />
                <line number="309" hits="0" branch="True" condition-coverage="0% (0/2)">
                  <conditions>
                    <condition number="7383" type="jump" coverage="0%" />
                  </conditions>
                </line>
                <line number="311" hits="0" branch="False" />
                <line number="314" hits="0" branch="True" condition-coverage="0% (0/4)">
                  <conditions>
                    <condition number="7403" type="jump" coverage="0%" />
                    <condition number="7418" type="jump" coverage="0%" />
                  </conditions>
                </line>
                <line number="316" hits="0" branch="True" condition-coverage="0% (0/2)">
                  <conditions>
                    <condition number="7436" type="jump" coverage="0%" />
                  </conditions>
                </line>
                <line number="318" hits="0" branch="False" />
                <line number="319" hits="0" branch="False" />
                <line number="320" hits="0" branch="False" />
                <line number="321" hits="0" branch="False" />
                <line number="322" hits="0" branch="False" />
                <line number="325" hits="0" branch="False" />
                <line number="326" hits="0" branch="False" />
                <line number="329" hits="0" branch="True" condition-coverage="0% (0/2)">
                  <conditions>
                    <condition number="7711" type="jump" coverage="0%" />
                  </conditions>
                </line>
                <line number="331" hits="0" branch="True" condition-coverage="0% (0/2)">
                  <conditions>
                    <condition number="7729" type="jump" coverage="0%" />
                  </conditions>
                </line>
                <line number="333" hits="0" branch="False" />
                <line number="334" hits="0" branch="False" />
                <line number="335" hits="0" branch="False" />
                <line number="336" hits="0" branch="False" />
                <line number="337" hits="0" branch="False" />
                <line number="340" hits="0" branch="False" />
                <line number="341" hits="0" branch="False" />
                <line number="342" hits="0" branch="False" />
                <line number="343" hits="0" branch="False" />
                <line number="344" hits="0" branch="False" />
                <line number="345" hits="0" branch="False" />
                <line number="348" hits="0" branch="True" condition-coverage="0% (0/10)">
                  <conditions>
                    <condition number="8041" type="switch" coverage="0%" />
                  </conditions>
                </line>
                <line number="351" hits="0" branch="False" />
                <line number="352" hits="0" branch="False" />
                <line number="354" hits="0" branch="False" />
                <line number="355" hits="0" branch="False" />
                <line number="357" hits="0" branch="False" />
                <line number="358" hits="0" branch="False" />
                <line number="360" hits="0" branch="False" />
                <line number="361" hits="0" branch="False" />
                <line number="363" hits="0" branch="False" />
                <line number="364" hits="0" branch="False" />
                <line number="366" hits="0" branch="False" />
                <line number="367" hits="0" branch="False" />
                <line number="369" hits="0" branch="False" />
                <line number="370" hits="0" branch="False" />
                <line number="372" hits="0" branch="False" />
                <line number="373" hits="0" branch="False" />
                <line number="375" hits="0" branch="False" />
                <line number="378" hits="0" branch="False" />
              </lines>
            </method>
          </methods>
          <lines>
            <line number="36" hits="0" branch="True" condition-coverage="0% (0/4)">
              <conditions>
                <condition number="220" type="jump" coverage="0%" />
                <condition number="233" type="jump" coverage="0%" />
              </conditions>
            </line>
            <line number="38" hits="0" branch="False" />
            <line number="41" hits="0" branch="False" />
            <line number="42" hits="0" branch="False" />
            <line number="43" hits="0" branch="False" />
            <line number="45" hits="0" branch="True" condition-coverage="0% (0/2)">
              <conditions>
                <condition number="285" type="jump" coverage="0%" />
              </conditions>
            </line>
            <line number="47" hits="0" branch="True" condition-coverage="0% (0/2)">
              <conditions>
                <condition number="298" type="jump" coverage="0%" />
              </conditions>
            </line>
            <line number="49" hits="0" branch="True" condition-coverage="0% (0/2)">
              <conditions>
                <condition number="317" type="jump" coverage="0%" />
              </conditions>
            </line>
            <line number="57" hits="0" branch="False" />
            <line number="60" hits="0" branch="True" condition-coverage="0% (0/4)">
              <conditions>
                <condition number="331" type="jump" coverage="0%" />
                <condition number="343" type="jump" coverage="0%" />
              </conditions>
            </line>
            <line number="64" hits="0" branch="True" condition-coverage="0% (0/2)">
              <conditions>
                <condition number="413" type="jump" coverage="0%" />
              </conditions>
            </line>
            <line number="66" hits="0" branch="False" />
            <line number="67" hits="0" branch="False" />
            <line number="70" hits="0" branch="True" condition-coverage="0% (0/2)">
              <conditions>
                <condition number="477" type="jump" coverage="0%" />
              </conditions>
            </line>
            <line number="73" hits="0" branch="True" condition-coverage="0% (0/2)">
              <conditions>
                <condition number="495" type="jump" coverage="0%" />
              </conditions>
            </line>
            <line number="75" hits="0" branch="False" />
            <line number="76" hits="0" branch="False" />
            <line number="80" hits="0" branch="False" />
            <line number="81" hits="0" branch="True" condition-coverage="0% (0/4)">
              <conditions>
                <condition number="749" type="jump" coverage="0%" />
                <condition number="772" type="jump" coverage="0%" />
              </conditions>
            </line>
            <line number="83" hits="0" branch="False" />
            <line number="84" hits="0" branch="False" />
            <line number="85" hits="0" branch="False" />
            <line number="86" hits="0" branch="False" />
            <line number="87" hits="0" branch="False" />
            <line number="88" hits="0" branch="False" />
            <line number="89" hits="0" branch="False" />
            <line number="92" hits="0" branch="False" />
            <line number="93" hits="0" branch="False" />
            <line number="94" hits="0" branch="False" />
            <line number="95" hits="0" branch="False" />
            <line number="96" hits="0" branch="False" />
            <line number="97" hits="0" branch="False" />
            <line number="98" hits="0" branch="False" />
            <line number="102" hits="0" branch="True" condition-coverage="0% (0/2)">
              <conditions>
                <condition number="1164" type="jump" coverage="0%" />
              </conditions>
            </line>
            <line number="104" hits="0" branch="False" />
            <line number="105" hits="0" branch="True" condition-coverage="0% (0/2)">
              <conditions>
                <condition number="1197" type="jump" coverage="0%" />
              </conditions>
            </line>
            <line number="106" hits="0" branch="True" condition-coverage="0% (0/2)">
              <conditions>
                <condition number="1224" type="jump" coverage="0%" />
              </conditions>
            </line>
            <line number="108" hits="0" branch="True" condition-coverage="0% (0/2)">
              <conditions>
                <condition number="1234" type="jump" coverage="0%" />
              </conditions>
            </line>
            <line number="111" hits="0" branch="True" condition-coverage="0% (0/2)">
              <conditions>
                <condition number="1256" type="jump" coverage="0%" />
              </conditions>
            </line>
            <line number="113" hits="0" branch="False" />
            <line number="114" hits="0" branch="False" />
            <line number="115" hits="0" branch="False" />
            <line number="116" hits="0" branch="False" />
            <line number="117" hits="0" branch="False" />
            <line number="118" hits="0" branch="False" />
            <line number="119" hits="0" branch="False" />
            <line number="120" hits="0" branch="False" />
            <line number="122" hits="0" branch="True" condition-coverage="0% (0/2)">
              <conditions>
                <condition number="1453" type="jump" coverage="0%" />
              </conditions>
            </line>
            <line number="124" hits="0" branch="False" />
            <line number="125" hits="0" branch="False" />
            <line number="126" hits="0" branch="False" />
            <line number="127" hits="0" branch="False" />
            <line number="128" hits="0" branch="False" />
            <line number="129" hits="0" branch="False" />
            <line number="130" hits="0" branch="False" />
            <line number="131" hits="0" branch="False" />
            <line number="135" hits="0" branch="True" condition-coverage="0% (0/2)">
              <conditions>
                <condition number="1651" type="jump" coverage="0%" />
              </conditions>
            </line>
            <line number="137" hits="0" branch="True" condition-coverage="0% (0/2)">
              <conditions>
                <condition number="1691" type="jump" coverage="0%" />
              </conditions>
            </line>
            <line number="139" hits="0" branch="True" condition-coverage="0% (0/2)">
              <conditions>
                <condition number="1734" type="jump" coverage="0%" />
              </conditions>
            </line>
            <line number="140" hits="0" branch="False" />
            <line number="141" hits="0" branch="False" />
            <line number="142" hits="0" branch="False" />
            <line number="144" hits="0" branch="False" />
            <line number="145" hits="0" branch="False" />
            <line number="148" hits="0" branch="True" condition-coverage="0% (0/2)">
              <conditions>
                <condition number="2059" type="jump" coverage="0%" />
              </conditions>
            </line>
            <line number="150" hits="0" branch="True" condition-coverage="0% (0/2)">
              <conditions>
                <condition number="2099" type="jump" coverage="0%" />
              </conditions>
            </line>
            <line number="152" hits="0" branch="True" condition-coverage="0% (0/2)">
              <conditions>
                <condition number="2142" type="jump" coverage="0%" />
              </conditions>
            </line>
            <line number="153" hits="0" branch="False" />
            <line number="154" hits="0" branch="False" />
            <line number="155" hits="0" branch="False" />
            <line number="157" hits="0" branch="True" condition-coverage="0% (0/2)">
              <conditions>
                <condition number="2343" type="jump" coverage="0%" />
              </conditions>
            </line>
            <line number="159" hits="0" branch="False" />
            <line number="160" hits="0" branch="False" />
            <line number="161" hits="0" branch="False" />
            <line number="162" hits="0" branch="False" />
            <line number="163" hits="0" branch="False" />
            <line number="165" hits="0" branch="False" />
            <line number="166" hits="0" branch="False" />
            <line number="170" hits="0" branch="True" condition-coverage="0% (0/4)">
              <conditions>
[...]
                  <conditions>
                    <condition number="11" type="jump" coverage="0%" />
                  </conditions>
                </line>
              </lines>
            </method>
          </methods>
          <lines>
            <line number="136" hits="0" branch="True" condition-coverage="0% (0/2)">
              <conditions>
                <condition number="11" type="jump" coverage="0%" />
              </conditions>
            </line>
          </lines>
        </class>
        <class name="Bot.Services.GuestRepository/&lt;AppendAsync&gt;d__3" filename="Services/GuestRepository.cs" line-rate="1" branch-rate="1" complexity="1">
          <methods>
            <method name="MoveNext" signature="()" line-rate="1" branch-rate="1" complexity="1">
              <lines>
                <line number="29" hits="7" branch="False" />
                <line number="30" hits="7" branch="False" />
                <line number="33" hits="7" branch="False" />
                <line number="34" hits="7" branch="False" />
                <line number="37" hits="7" branch="False" />
                <line number="39" hits="7" branch="False" />
              </lines>
            </method>
          </methods>
          <lines>
            <line number="29" hits="7" branch="False" />
            <line number="30" hits="7" branch="False" />
            <line number="33" hits="7" branch="False" />
            <line number="34" hits="7" branch="False" />
            <line number="37" hits="7" branch="False" />
            <line number="39" hits="7" branch="False" />
          </lines>
        </class>
        <class name="Bot.Services.GuestRepository/&lt;GetLatestForAsync&gt;d__4" filename="Services/GuestRepository.cs" line-rate="0.8571" branch-rate="0.8887999999999999" complexity="18">
          <methods>
            <method name="MoveNext" signature="()" line-rate="0.8571" branch-rate="0.8887999999999999" complexity="18">
              <lines>
                <line number="43" hits="5" branch="True" condition-coverage="50% (1/2)">
                  <conditions>
                    <condition number="35" type="jump" coverage="50%" />
                  </conditions>
                </line>
                <line number="45" hits="0" branch="False" />
                <line number="48" hits="5" branch="False" />
                <line number="49" hits="5" branch="False" />
                <line number="51" hits="5" branch="False" />
                <line number="52" hits="5" branch="False" />
                <line number="53" hits="12" branch="True" condition-coverage="100% (2/2)">
                  <conditions>
                    <condition number="355" type="jump" coverage="100%" />
                  </conditions>
                </line>
                <line number="55" hits="7" branch="True" condition-coverage="100% (2/2)">
                  <conditions>
                    <condition number="149" type="jump" coverage="100%" />
                  </conditions>
                </line>
                <line number="60" hits="7" branch="True" condition-coverage="100% (2/2)">
                  <conditions>
                    <condition number="160" type="jump" coverage="100%" />
                  </conditions>
                </line>
                <line number="67" hits="7" branch="False" />
                <line number="68" hits="7" branch="True" condition-coverage="50% (1/2)">
                  <conditions>
                    <condition number="179" type="jump" coverage="50%" />
                  </conditions>
                </line>
                <line number="70" hits="0" branch="False" />
                <line number="73" hits="7" branch="True" condition-coverage="100% (2/2)">
                  <conditions>
                    <condition number="189" type="jump" coverage="100%" />
                  </conditions>
                </line>
                <line number="75" hits="6" branch="True" condition-coverage="100% (2/2)">
                  <conditions>
                    <condition number="204" type="jump" coverage="100%" />
                  </conditions>
                </line>
                <line number="77" hits="6" branch="False" />
                <line number="82" hits="1" branch="True" condition-coverage="100% (2/2)">
                  <conditions>
                    <condition number="229" type="jump" coverage="100%" />
                  </conditions>
                </line>
                <line number="84" hits="1" branch="False" />
                <line number="87" hits="7" branch="False" />
                <line number="88" hits="0" branch="False" />
                <line number="90" hits="5" branch="True" condition-coverage="100% (2/2)">
                  <conditions>
                    <condition number="425" type="jump" coverage="100%" />
                  </conditions>
                </line>
                <line number="91" hits="5" branch="False" />
              </lines>
            </method>
          </methods>
          <lines>
            <line number="43" hits="5" branch="True" condition-coverage="50% (1/2)">
              <conditions>
                <condition number="35" type="jump" coverage="50%" />
              </conditions>
            </line>
            <line number="45" hits="0" branch="False" />
            <line number="48" hits="5" branch="False" />
            <line number="49" hits="5" branch="False" />
            <line number="51" hits="5" branch="False" />
            <line number="52" hits="5" branch="False" />
            <line number="53" hits="12" branch="True" condition-coverage="100% (2/2)">
              <conditions>
                <condition number="355" type="jump" coverage="100%" />
              </conditions>
            </line>
            <line number="55" hits="7" branch="True" condition-coverage="100% (2/2)">
              <conditions>
                <condition number="149" type="jump" coverage="100%" />
              </conditions>
            </line>
            <line number="60" hits="7" branch="True" condition-coverage="100% (2/2)">
              <conditions>
                <condition number="160" type="jump" coverage="100%" />
              </conditions>
            </line>
            <line number="67" hits="7" branch="False" />
            <line number="68" hits="7" branch="True" condition-coverage="50% (1/2)">
              <conditions>
                <condition number="179" type="jump" coverage="50%" />
              </conditions>
            </line>
            <line number="70" hits="0" branch="False" />
            <line number="73" hits="7" branch="True" condition-coverage="100% (2/2)">
              <conditions>
                <condition number="189" type="jump" coverage="100%" />
              </conditions>
            </line>
            <line number="75" hits="6" branch="True" condition-coverage="100% (2/2)">
              <conditions>
                <condition number="204" type="jump" coverage="100%" />
              </conditions>
            </line>
            <line number="77" hits="6" branch="False" />
            <line number="82" hits="1" branch="True" condition-coverage="100% (2/2)">
              <conditions>
                <condition number="229" type="jump" coverage="100%" />
              </conditions>
            </line>
            <line number="84" hits="1" branch="False" />
            <line number="87" hits="7" branch="False" />
            <line number="88" hits="0" branch="False" />
            <line number="90" hits="5" branch="True" condition-coverage="100% (2/2)">
              <conditions>
                <condition number="425" type="jump" coverage="100%" />
              </conditions>
            </line>
            <line number="91" hits="5" branch="False" />
          </lines>
        </class>
        <class name="Bot.Services.GuestRepository/&lt;RemoveAvecByHandleAsync&gt;d__5" filename="Services/GuestRepository.cs" line-rate="0" branch-rate="0" complexity="18">
          <methods>
            <method name="MoveNext" signature="()" line-rate="0" branch-rate="0" complexity="18">
              <lines>
                <line number="95" hits="0" branch="True" condition-coverage="0% (0/2)">
                  <conditions>
                    <condition number="80" type="jump" coverage="0%" />
                  </conditions>
                </line>
                <line number="97" hits="0" branch="False" />
                <line number="100" hits="0" branch="True" condition-coverage="0% (0/2)">
                  <conditions>
                    <condition number="100" type="jump" coverage="0%" />
                  </conditions>
                </line>
                <line number="102" hits="0" branch="False" />
                <line number="106" hits="0" branch="False" />
                <line number="107" hits="0" branch="False" />
                <line number="108" hits="0" branch="False" />
                <line number="111" hits="0" branch="False" />
                <line number="112" hits="0" branch="True" condition-coverage="0% (0/2)">
                  <conditions>
                    <condition number="394" type="jump" coverage="0%" />
                  </conditions>
                </line>
                <line number="114" hits="0" branch="True" condition-coverage="0% (0/2)">
                  <conditions>
                    <condition number="213" type="jump" coverage="0%" />
                  </conditions>
                </line>
                <line number="121" hits="0" branch="False" />
                <line number="122" hits="0" branch="True" condition-coverage="0% (0/2)">
                  <conditions>
                    <condition number="232" type="jump" coverage="0%" />
                  </conditions>
                </line>
                <line number="124" hits="0" branch="False" />
                <line number="127" hits="0" branch="True" condition-coverage="0% (0/2)">
                  <conditions>
                    <condition number="243" type="jump" coverage="0%" />
                  </conditions>
                </line>
                <line number="128" hits="0" branch="False" />
                <line number="129" hits="0" branch="False" />
                <line number="130" hits="0" branch="False" />
                <line number="132" hits="0" branch="True" condition-coverage="0% (0/2)">
                  <conditions>
                    <condition number="459" type="jump" coverage="0%" />
                  </conditions>
                </line>
                <line number="134" hits="0" branch="False" />
                <line number="137" hits="0" branch="False" />
                <line number="139" hits="0" branch="True" condition-coverage="0% (0/2)">
                  <conditions>
                    <condition number="704" type="jump" coverage="0%" />
                  </conditions>
                </line>
                <line number="141" hits="0" branch="False" />
                <line number="144" hits="0" branch="False" />
                <line number="145" hits="0" branch="False" />
                <line number="148" hits="0" branch="True" condition-coverage="0% (0/2)">
                  <conditions>
                    <condition number="1070" type="jump" coverage="0%" />
                  </conditions>
                </line>
                <line number="150" hits="0" branch="False" />
                <line number="151" hits="0" branch="False" />
                <line number="152" hits="0" branch="False" />
                <line number="153" hits="0" branch="False" />
                <line number="154" hits="0" branch="False" />
                <line number="155" hits="0" branch="False" />
                <line number="156" hits="0" branch="False" />
                <line number="157" hits="0" branch="False" />
                <line number="158" hits="0" branch="False" />
                <line number="159" hits="0" branch="False" />
                <line number="160" hits="0" branch="False" />
                <line number="161" hits="0" branch="False" />
                <line number="162" hits="0" branch="False" />
                <line number="164" hits="0" branch="False" />
                <line number="167" hits="0" branch="False" />
                <line number="170" hits="0" branch="False" />
                <line number="171" hits="0" branch="False" />
              </lines>
            </method>
          </methods>
          <lines>
            <line number="95" hits="0" branch="True" condition-coverage="0% (0/2)">
              <conditions>
                <condition number="80" type="jump" coverage="0%" />
              </conditions>
            </line>
            <line number="97" hits="0" branch="False" />
            <line number="100" hits="0" branch="True" condition-coverage="0% (0/2)">
              <conditions>
                <condition number="100" type="jump" coverage="0%" />
              </conditions>
            </line>
            <line number="102" hits="0" branch="False" />
            <line number="106" hits="0" branch="False" />
            <line number="107" hits="0" branch="False" />
            <line number="108" hits="0" branch="False" />
            <line number="111" hits="0" branch="False" />
            <line number="112" hits="0" branch="True" condition-coverage="0% (0/2)">
              <conditions>
                <condition number="394" type="jump" coverage="0%" />
              </conditions>
            </line>
            <line number="114" hits="0" branch="True" condition-coverage="0% (0/2)">
              <conditions>
                <condition number="213" type="jump" coverage="0%" />
              </conditions>
            </line>
            <line number="121" hits="0" branch="False" />
            <line number="122" hits="0" branch="True" condition-coverage="0% (0/2)">
              <conditions>
                <condition number="232" type="jump" coverage="0%" />
              </conditions>
            </line>
            <line number="124" hits="0" branch="False" />
            <line number="127" hits="0" branch="True" condition-coverage="0% (0/2)">
              <conditions>
                <condition number="243" type="jump" coverage="0%" />
              </conditions>
            </line>
            <line number="128" hits="0" branch="False" />
            <line number="129" hits="0" branch="False" />
            <line number="130" hits="0" branch="False" />
            <line number="132" hits="0" branch="True" condition-coverage="0% (0/2)">
              <conditions>
                <condition number="459" type="jump" coverage="0%" />
              </conditions>
            </line>
            <line number="134" hits="0" branch="False" />
            <line number="137" hits="0" branch="False" />
            <line number="139" hits="0" branch="True" condition-coverage="0% (0/2)">
              <conditions>
                <condition number="704" type="jump" coverage="0%" />
              </conditions>
            </line>
            <line number="141" hits="0" branch="False" />
            <line number="144" hits="0" branch="False" />
            <line number="145" hits="0" branch="False" />
            <line number="148" hits="0" branch="True" condition-coverage="0% (0/2)">
              <conditions>
                <condition number="1070" type="jump" coverage="0%" />
              </conditions>
            </line>
            <line number="150" hits="0" branch="False" />
            <line number="151" hits="0" branch="False" />
            <line number="152" hits="0" branch="False" />
            <line number="153" hits="0" branch="False" />
            <line number="154" hits="0" branch="False" />
            <line number="155" hits="0" branch="False" />
            <line number="156" hits="0" branch="False" />
            <line number="157" hits="0" branch="False" />
            <line number="158" hits="0" branch="False" />
            <line number="159" hits="0" branch="False" />
            <line number="160" hits="0" branch="False" />
            <line number="161" hits="0" branch="False" />
            <line number="162" hits="0" branch="False" />
            <line number="164" hits="0" branch="False" />
            <line number="167" hits="0" branch="False" />
            <line number="170" hits="0" branch="False" />
            <line number="171" hits="0" branch="False" />
          </lines>
        </class>
        <class name="Bot.Models.GuestRecord" filename="Models/GuestRecord.cs" line-rate="1" branch-rate="1" complexity="10">
          <methods>
            <method name="get_ChatId" signature="()" line-rate="1" branch-rate="1" complexity="1">
              <lines>
                <line number="6" hits="13" branch="False" />
              </lines>
            </method>
            <method name="get_UserId" signature="()" line-rate="1" branch-rate="1" complexity="1">
              <lines>
                <line number="7" hits="26" branch="False" />
              </lines>
            </method>
            <method name="get_Timestamp" signature="()" line-rate="1" branch-rate="1" complexity="1">
              <lines>
                <line number="8" hits="12" branch="False" />
              </lines>
            </method>
            <method name="get_Language" signature="()" line-rate="1" branch-rate="1" complexity="1">
              <lines>
                <line number="9" hits="18" branch="False" />
              </lines>
            </method>
            <method name="get_FullName" signature="()" line-rate="1" branch-rate="1" complexity="1">
              <lines>
                <line number="10" hits="20" branch="False" />
              </lines>
            </method>
            <method name="get_AvecFullName" signature="()" line-rate="1" branch-rate="1" complexity="1">
              <lines>
                <line number="11" hits="21" branch="False" />
              </lines>
            </method>
            <method name="get_TelegramUsername" signature="()" line-rate="1" branch-rate="1" complexity="1">
              <lines>
                <line number="12" hits="12" branch="False" />
              </lines>
            </method>
            <method name="get_AvecUsername" signature="()" line-rate="1" branch-rate="1" complexity="1">
              <lines>
                <line number="13" hits="12" branch="False" />
              </lines>
            </method>
            <method name="get_Status" signature="()" line-rate="1" branch-rate="1" complexity="1">
              <lines>
                <line number="14" hits="15" branch="False" />
              </lines>
            </method>
            <method name=".ctor" signature="(System.Int64,System.Int64,System.DateTimeOffset,System.String,System.String,System.String,System.String,System.String,System.String)" line-rate="1" branch-rate="1" complexity="1">
              <lines>
                <line number="5" hits="22" branch="False" />
                <line number="15" hits="22" branch="False" />
              </lines>
            </method>
          </methods>
          <lines>
            <line number="6" hits="13" branch="False" />
            <line number="7" hits="26" branch="False" />
            <line number="8" hits="12" branch="False" />
            <line number="9" hits="18" branch="False" />
            <line number="10" hits="20" branch="False" />
            <line number="11" hits="21" branch="False" />
            <line number="12" hits="12" branch="False" />
            <line number="13" hits="12" branch="False" />
            <line number="14" hits="15" branch="False" />
            <line number="5" hits="22" branch="False" />
            <line number="15" hits="22" branch="False" />
          </lines>
        </class>
      </classes>
    </package>
  </packages>
</coverage>